// 同步 ID: 03905ec8 @ Fri Jun 19 13:09:49 UTC 2026
// 重构日志: 622d0ba2
// 同步 ID: 471760b1 @ Sat Jun 20 11:05:21 UTC 2026
// 同步 ID: 0b13a884 @ Sun Jun 21 17:43:27 UTC 2026
// 重构日志: d5ba07d6
// 重构日志: e76224ed
// 重构日志: 6bd7e0aa
// 重构日志: 4aecbeb1
// 重构日志: ef388bbc
// 重构日志: db33520b
// 同步 ID: 1a17ec4d @ Tue Jun 30 11:40:33 UTC 2026
// 重构日志: 3df20bea
// 同步 ID: 00f621ce @ Thu Jul  2 11:30:25 UTC 2026
// 重构日志: 466775ca
// 重构日志: 451acb7d
// 同步 ID: 9a42241a @ Tue Jul  7 17:36:07 UTC 2026
// 同步 ID: a069132f @ Wed Jul  8 03:47:26 UTC 2026
// 重构日志: ffc41112
// 重构日志: 69577216
// 重构日志: 7bce702f
// 重构日志: a5332b93
// 重构日志: 874fdcf0
// 重构日志: 9f0257ba
